<?xml version="1.0" encoding="UTF-8"?>
<!-- Generated by org.testng.reporters.JUnitReportReporter -->
<testsuite hostname="LAPTOP-EUBDL8MT" failures="0" tests="1" name="Git_Frame_One.FrameWork_Git" time="10.734" errors="0" timestamp="2022-10-21T19:07:26 IST" skipped="0">
  <testcase classname="Git_Frame_One.FrameWork_Git" name="Frame" time="10.734"/>
  <system-out/>
</testsuite> <!-- Git_Frame_One.FrameWork_Git -->
